<?xml version="1.0" encoding="UTF-8"?>
<!-- Generated by org.testng.reporters.JUnitReportReporter -->
<testsuite skipped="0" hostname="DESKTOP-E7C44F9" name="com.sample.test.demo.tests.DemoTest" tests="3" failures="0" timestamp="19 Dec 2021 15:20:42 GMT" time="17.908" errors="0">
  <testcase name="wetherAPIValidData" time="14.264" classname="com.sample.test.demo.tests.DemoTest"/>
  <testcase name="wetherAPIInvalidData" time="0.679" classname="com.sample.test.demo.tests.DemoTest"/>
  <testcase name="bookFlight" time="2.965" classname="com.sample.test.demo.tests.DemoTest"/>
</testsuite> <!-- com.sample.test.demo.tests.DemoTest -->
