<?xml version="1.0" encoding="UTF-8"?>
<!-- Generated by org.testng.reporters.JUnitReportReporter -->
<testsuite skipped="0" hostname="DESKTOP-E7C44F9" name="com.sample.test.demo.apitest.ApiTest" tests="2" failures="0" timestamp="19 Dec 2021 14:56:29 GMT" time="15.793" errors="0">
  <testcase name="wetherAPIInvalidData" time="14.866" classname="com.sample.test.demo.apitest.ApiTest"/>
  <testcase name="wetherAPIValidData" time="0.927" classname="com.sample.test.demo.apitest.ApiTest"/>
</testsuite> <!-- com.sample.test.demo.apitest.ApiTest -->
